#
# There is insufficient memory for the Java Runtime Environment to continue.
# Native memory allocation (malloc) failed to allocate 1048576 bytes for AllocateHeap
# Possible reasons:
#   The system is out of physical RAM or swap space
#   The process is running with CompressedOops enabled, and the Java Heap may be blocking the growth of the native heap
# Possible solutions:
#   Reduce memory load on the system
#   Increase physical memory or swap space
#   Check if swap backing store is full
#   Decrease Java heap size (-Xmx/-Xms)
#   Decrease number of Java threads
#   Decrease Java thread stack sizes (-Xss)
#   Set larger code cache with -XX:ReservedCodeCacheSize=
#   JVM is running with Zero Based Compressed Oops mode in which the Java heap is
#     placed in the first 32GB address space. The Java Heap base address is the
#     maximum limit for the native heap growth. Please use -XX:HeapBaseMinAddress
#     to set the Java Heap base and to place the Java Heap above 32GB virtual address.
# This output file may be truncated or incomplete.
#
#  Out of Memory Error (memory/allocation.inline.hpp:61), pid=23468, tid=0x0000000000000868
#
# JRE version:  (8.0_211-b12) (build )
# Java VM: Java HotSpot(TM) 64-Bit Server VM (25.211-b12 mixed mode windows-amd64 compressed oops)
# Failed to write core dump. Minidumps are not enabled by default on client versions of Windows
#

---------------  T H R E A D  ---------------

Current thread (0x0000000002d74000):  JavaThread "Unknown thread" [_thread_in_vm, id=2152, stack(0x0000000002ab0000,0x0000000002bb0000)]

Stack: [0x0000000002ab0000,0x0000000002bb0000]
[error occurred during error reporting (printing stack bounds), id 0xc0000005]

Native frames: (J=compiled Java code, j=interpreted, Vv=VM code, C=native code)


---------------  P R O C E S S  ---------------

Java Threads: ( => current thread )

Other Threads:

=>0x0000000002d74000 (exited) JavaThread "Unknown thread" [_thread_in_vm, id=2152, stack(0x0000000002ab0000,0x0000000002bb0000)]

VM state:not at safepoint (normal execution)

VM Mutex/Monitor currently owned by a thread: None

heap address: 0x00000006c0a00000, size: 4086 MB, Compressed Oops mode: Zero based, Oop shift amount: 3
Narrow klass base: 0x0000000000000000, Narrow klass shift: 3
Compressed class space size: 1073741824 Address: 0x00000007c0000000

Heap:
 PSYoungGen      total 76288K, used 1310K [0x000000076ae00000, 0x0000000770300000, 0x00000007c0000000)
  eden space 65536K, 2% used [0x000000076ae00000,0x000000076af47af0,0x000000076ee00000)
  from space 10752K, 0% used [0x000000076f880000,0x000000076f880000,0x0000000770300000)
  to   space 10752K, 0% used [0x000000076ee00000,0x000000076ee00000,0x000000076f880000)
 ParOldGen       total 175104K, used 0K [0x00000006c0a00000, 0x00000006cb500000, 0x000000076ae00000)
  object space 175104K, 0% used [0x00000006c0a00000,0x00000006c0a00000,0x00000006cb500000)
 Metaspace       used 775K, capacity 4480K, committed 4480K, reserved 1056768K
  class space    used 76K, capacity 384K, committed 384K, reserved 1048576K

Card table byte_map: [0x0000000012230000,0x0000000012a30000] byte_map_base: 0x000000000ec2b000

Marking Bits: (ParMarkBitMap*) 0x0000000067ce5ce0
 Begin Bits: [0x0000000013790000, 0x0000000017768000)
 End Bits:   [0x0000000017768000, 0x000000001b740000)

Polling page: 0x0000000002a90000

CodeCache: size=245760Kb used=328Kb max_used=328Kb free=245431Kb
 bounds [0x0000000002e70000, 0x00000000030e0000, 0x0000000011e70000]
 total_blobs=58 nmethods=0 adapters=38
 compilation: enabled

Compilation events (0 events):
No events

GC Heap History (0 events):
No events

Deoptimization events (0 events):
No events

Classes redefined (0 events):
No events

Internal exceptions (0 events):
No events

Events (10 events):
Event: 0.041 loading class java/lang/Short
Event: 0.041 loading class java/lang/Short done
Event: 0.041 loading class java/lang/Integer
Event: 0.041 loading class java/lang/Integer done
Event: 0.041 loading class java/lang/Long
Event: 0.041 loading class java/lang/Long done
Event: 0.042 loading class java/lang/NullPointerException
Event: 0.042 loading class java/lang/NullPointerException done
Event: 0.042 loading class java/lang/ArithmeticException
Event: 0.043 loading class java/lang/ArithmeticException done


Dynamic libraries:
0x00007ff7c7d30000 - 0x00007ff7c7d67000 	C:\Program Files\Java\jdk1.8.0_211\bin\java.exe
0x00007ffcb92f0000 - 0x00007ffcb94e5000 	C:\WINDOWS\SYSTEM32\ntdll.dll
0x00007ffcb8020000 - 0x00007ffcb80dd000 	C:\WINDOWS\System32\KERNEL32.DLL
0x00007ffcb6e20000 - 0x00007ffcb70e8000 	C:\WINDOWS\System32\KERNELBASE.dll
0x00007ffcb8d30000 - 0x00007ffcb8ddc000 	C:\WINDOWS\System32\ADVAPI32.dll
0x00007ffcb78b0000 - 0x00007ffcb794e000 	C:\WINDOWS\System32\msvcrt.dll
0x00007ffcb7390000 - 0x00007ffcb742b000 	C:\WINDOWS\System32\sechost.dll
0x00007ffcb7cb0000 - 0x00007ffcb7ddb000 	C:\WINDOWS\System32\RPCRT4.dll
0x00007ffcb7430000 - 0x00007ffcb75d0000 	C:\WINDOWS\System32\USER32.dll
0x00007ffcb7260000 - 0x00007ffcb7282000 	C:\WINDOWS\System32\win32u.dll
0x00007ffcb8df0000 - 0x00007ffcb8e1a000 	C:\WINDOWS\System32\GDI32.dll
0x00007ffcb70f0000 - 0x00007ffcb71fb000 	C:\WINDOWS\System32\gdi32full.dll
0x00007ffcb72c0000 - 0x00007ffcb735d000 	C:\WINDOWS\System32\msvcp_win.dll
0x00007ffcb6bc0000 - 0x00007ffcb6cc0000 	C:\WINDOWS\System32\ucrtbase.dll
0x00007ffc9c7f0000 - 0x00007ffc9ca8a000 	C:\WINDOWS\WinSxS\amd64_microsoft.windows.common-controls_6595b64144ccf1df_6.0.19041.1052_none_60b8f8fd71f5e8cb\COMCTL32.dll
0x00007ffcb7360000 - 0x00007ffcb7390000 	C:\WINDOWS\System32\IMM32.DLL
0x0000000067d70000 - 0x0000000067e42000 	C:\Program Files\Java\jdk1.8.0_211\jre\bin\msvcr100.dll
0x00000000674c0000 - 0x0000000067d65000 	C:\Program Files\Java\jdk1.8.0_211\jre\bin\server\jvm.dll
0x00007ffcb7b30000 - 0x00007ffcb7b38000 	C:\WINDOWS\System32\PSAPI.DLL
0x00007ffca9f60000 - 0x00007ffca9f87000 	C:\WINDOWS\SYSTEM32\WINMM.dll
0x00007ffcaee30000 - 0x00007ffcaee3a000 	C:\WINDOWS\SYSTEM32\VERSION.dll
0x00007ffcafa00000 - 0x00007ffcafa09000 	C:\WINDOWS\SYSTEM32\WSOCK32.dll
0x00007ffcb7ac0000 - 0x00007ffcb7b2b000 	C:\WINDOWS\System32\WS2_32.dll
0x00007ffca6420000 - 0x00007ffca642f000 	C:\Program Files\Java\jdk1.8.0_211\jre\bin\verify.dll
0x00007ffc916b0000 - 0x00007ffc916d9000 	C:\Program Files\Java\jdk1.8.0_211\jre\bin\java.dll
0x00007ffc90d50000 - 0x00007ffc90d73000 	C:\Program Files\Java\jdk1.8.0_211\jre\bin\instrument.dll
0x00007ffc91690000 - 0x00007ffc916a6000 	C:\Program Files\Java\jdk1.8.0_211\jre\bin\zip.dll

VM Arguments:
jvm_args: -javaagent:D:\IntelliJ IDEA 2018.3.2\lib\idea_rt.jar=56972:D:\IntelliJ IDEA 2018.3.2\bin -Dfile.encoding=UTF-8 
java_command: GUI
java_class_path (initial): C:\Program Files\Java\jdk1.8.0_211\jre\lib\charsets.jar;C:\Program Files\Java\jdk1.8.0_211\jre\lib\deploy.jar;C:\Program Files\Java\jdk1.8.0_211\jre\lib\ext\access-bridge-64.jar;C:\Program Files\Java\jdk1.8.0_211\jre\lib\ext\cldrdata.jar;C:\Program Files\Java\jdk1.8.0_211\jre\lib\ext\dnsns.jar;C:\Program Files\Java\jdk1.8.0_211\jre\lib\ext\jaccess.jar;C:\Program Files\Java\jdk1.8.0_211\jre\lib\ext\jfxrt.jar;C:\Program Files\Java\jdk1.8.0_211\jre\lib\ext\localedata.jar;C:\Program Files\Java\jdk1.8.0_211\jre\lib\ext\nashorn.jar;C:\Program Files\Java\jdk1.8.0_211\jre\lib\ext\sunec.jar;C:\Program Files\Java\jdk1.8.0_211\jre\lib\ext\sunjce_provider.jar;C:\Program Files\Java\jdk1.8.0_211\jre\lib\ext\sunmscapi.jar;C:\Program Files\Java\jdk1.8.0_211\jre\lib\ext\sunpkcs11.jar;C:\Program Files\Java\jdk1.8.0_211\jre\lib\ext\zipfs.jar;C:\Program Files\Java\jdk1.8.0_211\jre\lib\javaws.jar;C:\Program Files\Java\jdk1.8.0_211\jre\lib\jce.jar;C:\Program Files\Java\jdk1.8.0_211\jre\lib\jfr.jar;C:\Program Files\Java\jdk1.8.0_211\jre\lib\jfxswt.jar;C:\Program Files\Java\jdk1.8.0_211\jre\lib\jsse.jar;C:\Program Files\Java\jdk1.8.0_211\jre\lib\management-agent.jar;C:\Program Files\Java\jdk1.8.0_211\jre\lib\plugin.jar;C:\Program Files\Java\jdk1.8.0_211\jre\lib\resources.jar;C:\Program Files\Java\jdk1.8.0_211\jre\lib\rt.jar;D:\Projekty\PJATK master\MAS\Projekt\out\production\Projekt;D:\Projekty\PJATK master\MAS\Projekt\lib\istack-commons-runtime-3.0.7.jar;D:\Projekty\PJATK master\MAS\Projekt\lib\hibernate-commons-annotations-5.1.0.Final.jar;D:\Projekty\PJATK master\MAS\Projekt\lib\classmate-1.5.1.jar;D:\Projekty\PJATK master\MAS\Projekt\lib\FastInfoset-1.2.15.jar;D:\Projekty\PJATK master\MAS\Projekt\lib\dom4j-2.1.1.jar;D:\Projekty\PJATK master\MAS\Projekt\lib\antlr-2.7.7.jar;D:\Projekty\PJATK master\MAS\Projekt\lib\javax.activation-api-1.2.0.jar;D:\Projekty\PJATK master\MAS\Projekt\lib\javax.persistence-api-2.2.jar;D:\Projekty\PJATK master\MAS\Projekt\lib\jande
Launcher Type: SUN_STANDARD

Environment Variables:
JAVA_HOME=C:\Program Files\Java\jre1.8.0_211
PATH=C:\Program Files\NVIDIA GPU Computing Toolkit\CUDA\v11.3\bin;C:\Program Files\NVIDIA GPU Computing Toolkit\CUDA\v11.3\libnvvp;E:\Oculus\Support\oculus-runtime;C:\Program Files (x86)\Common Files\Oracle\Java\javapath;C:\Program Files (x86)\Intel\iCLS Client\;C:\Program Files\Intel\iCLS Client\;C:\Windows\system32;C:\Windows;C:\Windows\System32\Wbem;C:\Windows\System32\WindowsPowerShell\v1.0\;C:\Windows\System32\OpenSSH\;C:\Program Files (x86)\Intel\Intel(R) Management Engine Components\DAL;C:\Program Files\Intel\Intel(R) Management Engine Components\DAL;C:\Program Files (x86)\Intel\Intel(R) Management Engine Components\IPT;C:\Program Files\Intel\Intel(R) Management Engine Components\IPT;E:\Programy z instalacj¹\Git\cmd;C:\Program Files\Java\jdk-11.0.1\bin;E:\Bez instalacji\Putty\;C:\Program Files (x86)\NVIDIA Corporation\PhysX\Common;C:\Program Files\NVIDIA Corporation\NVIDIA NvDLISR;C:\WINDOWS\system32;C:\WINDOWS;C:\WINDOWS\System32\Wbem;C:\WINDOWS\System32\WindowsPowerShell\v1.0\;C:\WINDOWS\System32\OpenSSH\;C:\Program Files\Microsoft SQL Server\130\Tools\Binn\;C:\Program Files\Microsoft SQL Server\Client SDK\ODBC\170\Tools\Binn\;C:\Program Files\dotnet\;E:\Programy z instalacj¹\Node Js\;C:\Program Files (x86)\dotnet\;C:\Program Files\Graphviz\bin;C:\Program Files\NVIDIA Corporation\Nsight Compute 2021.1.1\;C:\Program Files\NVIDIA GPU Computing Toolkit\CUDA\cuda\bin;;C:\Program Files\Docker\Docker\resources\bin;C:\ProgramData\DockerDesktop\version-bin;C:\Users\Kubbit\AppData\Local\Microsoft\WindowsApps;;D:\IntelliJ IDEA 2018.3.2\bin;;D:\Microsoft VS Code\bin;C:\Users\Kubbit\AppData\Roaming\npm;C:\Users\Kubbit\.dotnet\tools
USERNAME=Kubbit
OS=Windows_NT
PROCESSOR_IDENTIFIER=Intel64 Family 6 Model 94 Stepping 3, GenuineIntel



---------------  S Y S T E M  ---------------

OS: Windows 10.0 , 64 bit Build 19041 (10.0.19041.1023)

CPU:total 8 (initial active 8) (4 cores per cpu, 2 threads per core) family 6 model 94 stepping 3, cmov, cx8, fxsr, mmx, sse, sse2, sse3, ssse3, sse4.1, sse4.2, popcnt, avx, avx2, aes, clmul, erms, rtm, 3dnowpref, lzcnt, ht, tsc, tscinvbit, bmi1, bmi2, adx

Memory: 4k page, physical 16731056k(4623504k free), swap 31019180k(10056k free)

vm_info: Java HotSpot(TM) 64-Bit Server VM (25.211-b12) for windows-amd64 JRE (1.8.0_211-b12), built on Apr  1 2019 20:53:26 by "java_re" with MS VC++ 10.0 (VS2010)

time: Wed Jun 23 22:54:57 2021
timezone: Œrodkowoeuropejski czas letni
elapsed time: 0 seconds (0d 0h 0m 0s)

